
ROM used: 600 (7%)
          600 (7%) including unused fragments

          1 Average locations per line
          5 Average locations per statement

RAM used: 7 (2%) at main() level
          15 (4%) worst case

Stack used: 4 worst case (out of 8 total available)

Lines Stmts  %   Files
----- ----- ---  -----
  251   128 100  main.c
  326     0   0  ..\..\PICC\Devices\16F877A.h
----- -----
  577   128 Total

Page ROM  %  RAM   Vol Diff  Functions:
---- --- --- ---   --- ----  ----------
0     20   3   1             @delay_ms1
0     15   2   0             @const66
0     91  15   3   598  3.4  time
0    103  17   3   714  3.4  timeP
0     42   7   5   378  8.5  timer
0     21   4   3    35  1.4  @DIV88
0      7   1   1    35  1.4  timer
 Inline        5   450  9.0  timerP
0     60  10   1    35  1.4  timerP
0    237  40   1  1404  4.4  MAIN

Program metrics:
    Functions               8
    Statements              128
    Comments                152
    Volume (V)              5156
    Difficilty (D)          33.6
    Effort to implement (E) 173085
    Time to implement (T)   2 hours, 40 minutes
    Est Delivered Bugs (B)  1
    Cyclomatic Complexity   14
    Maintainability (MI)    115

 Segment     Used  Free
-----------  ----  ----
00000-00003     4  0  
00004-007FF   596  1448  
00800-00FFF     0  2048  
01000-017FF     0  2048  
01800-01FFF     0  2048  



