
ROM used: 16 (0%)
          16 (0%) including unused fragments

          0 Average locations per line
          0 Average locations per statement

RAM used: 5 (1%) at main() level
          5 (1%) worst case

Stack used: 0 worst case (out of 8 total available)

Lines Stmts  %   Files
----- ----- ---  -----
   74   123 100  kbd_ext_board2.c
  326     0   0  ..\..\PICC\Devices\16F877A.h
----- -----
  400   123 Total

Page ROM  %  RAM   Vol Diff  Functions:
---- --- --- ---   --- ----  ----------
0     12  75   0  3587  6.5  main

Program metrics:
    Functions               1
    Statements              123
    Comments                88
    Volume (V)              3587
    Difficilty (D)          6.5
    Effort to implement (E) 23441
    Time to implement (T)   22 minutes
    Est Delivered Bugs (B)  0
    Cyclomatic Complexity   17
    Maintainability (MI)    93

 Segment     Used  Free
-----------  ----  ----
00000-00003     4  0  
00004-007FF    12  2032  
00800-00FFF     0  2048  
01000-017FF     0  2048  
01800-01FFF     0  2048  



