
ROM used: 132 (2%)
          132 (2%) including unused fragments

          0 Average locations per line
          9 Average locations per statement

RAM used: 7 (2%) at main() level
          8 (2%) worst case

Stack used: 1 worst case (out of 8 total available)

Lines Stmts  %   Files
----- ----- ---  -----
   34    15 100  serial_char.c
  326     0   0  ..\..\PICC\Devices\16F877A.h
----- -----
  360    15 Total

Page ROM  %  RAM   Vol Diff  Functions:
---- --- --- ---   --- ----  ----------
0     22  17   1             @delay_ms1
0    106  80   1   380  3.3  main

Program metrics:
    Functions               1
    Statements              15
    Comments                76
    Volume (V)              382
    Difficilty (D)          3.2
    Effort to implement (E) 1229
    Time to implement (T)   1 minutes
    Est Delivered Bugs (B)  0
    Cyclomatic Complexity   1
    Maintainability (MI)    136

 Segment     Used  Free
-----------  ----  ----
00000-00003     4  0  
00004-007FF   128  1916  
00800-00FFF     0  2048  
01000-017FF     0  2048  
01800-01FFF     0  2048  



