>>> Warning 230 "Codigomorse.c" Line 20(29,30): String truncated
>>> Warning 230 "Codigomorse.c" Line 20(37,38): String truncated
>>> Warning 230 "Codigomorse.c" Line 20(45,46): String truncated
>>> Warning 230 "Codigomorse.c" Line 20(52,53): String truncated
>>> Warning 230 "Codigomorse.c" Line 20(57,58): String truncated
>>> Warning 230 "Codigomorse.c" Line 20(65,66): String truncated
>>> Warning 230 "Codigomorse.c" Line 20(72,73): String truncated
>>> Warning 230 "Codigomorse.c" Line 20(80,81): String truncated
>>> Warning 230 "Codigomorse.c" Line 20(86,87): String truncated
>>> Warning 230 "Codigomorse.c" Line 20(94,95): String truncated
>>> Warning 230 "Codigomorse.c" Line 20(101,102): String truncated
>>> Warning 230 "Codigomorse.c" Line 20(109,110): String truncated
>>> Warning 230 "Codigomorse.c" Line 20(115,116): String truncated
>>> Warning 230 "Codigomorse.c" Line 21(1,2): String truncated
>>> Warning 230 "Codigomorse.c" Line 21(8,9): String truncated
>>> Warning 230 "Codigomorse.c" Line 21(16,17): String truncated
>>> Warning 230 "Codigomorse.c" Line 21(24,25): String truncated
>>> Warning 230 "Codigomorse.c" Line 21(31,32): String truncated
>>> Warning 230 "Codigomorse.c" Line 21(38,39): String truncated
>>> Warning 230 "Codigomorse.c" Line 21(43,44): String truncated
>>> Warning 230 "Codigomorse.c" Line 21(50,51): String truncated
>>> Warning 230 "Codigomorse.c" Line 21(58,59): String truncated
>>> Warning 230 "Codigomorse.c" Line 21(65,66): String truncated
>>> Warning 230 "Codigomorse.c" Line 21(73,74): String truncated
>>> Warning 230 "Codigomorse.c" Line 21(81,82): String truncated
>>> Warning 230 "Codigomorse.c" Line 21(89,90): String truncated
>>> Warning 230 "Codigomorse.c" Line 21(94,95): String truncated
>>> Warning 230 "Codigomorse.c" Line 23(33,34): String truncated
>>> Warning 230 "Codigomorse.c" Line 23(41,42): String truncated
>>> Warning 230 "Codigomorse.c" Line 23(49,50): String truncated
>>> Warning 230 "Codigomorse.c" Line 23(57,58): String truncated
>>> Warning 230 "Codigomorse.c" Line 23(65,66): String truncated
>>> Warning 230 "Codigomorse.c" Line 23(73,74): String truncated
>>> Warning 230 "Codigomorse.c" Line 23(81,82): String truncated
>>> Warning 230 "Codigomorse.c" Line 23(89,90): String truncated
>>> Warning 230 "Codigomorse.c" Line 23(97,98): String truncated
>>> Warning 230 "Codigomorse.c" Line 23(105,106): String truncated
*** Error 12 "Codigomorse.c" Line 41(12,18): Undefined identifier   String
*** Error 48 "Codigomorse.c" Line 43(8,14): Expecting a (
*** Error 43 "Codigomorse.c" Line 43(19,20): Expecting a declaration
*** Error 48 "Codigomorse.c" Line 43(27,33): Expecting a (
*** Error 43 "Codigomorse.c" Line 43(34,35): Expecting a declaration
*** Error 43 "Codigomorse.c" Line 43(35,36): Expecting a declaration
*** Error 48 "Codigomorse.c" Line 44(11,17): Expecting a (
*** Error 43 "Codigomorse.c" Line 44(24,25): Expecting a declaration
*** Error 43 "Codigomorse.c" Line 44(28,29): Expecting a declaration
*** Error 43 "Codigomorse.c" Line 44(28,29): Expecting a declaration
*** Error 43 "Codigomorse.c" Line 45(4,7): Expecting a declaration
*** Error 43 "Codigomorse.c" Line 45(7,8): Expecting a declaration
*** Error 48 "Codigomorse.c" Line 45(19,20): Expecting a (
*** Error 48 "Codigomorse.c" Line 45(38,39): Expecting a (
*** Error 43 "Codigomorse.c" Line 45(41,42): Expecting a declaration
*** Error 43 "Codigomorse.c" Line 45(42,43): Expecting a declaration
*** Error 12 "Codigomorse.c" Line 46(21,28): Undefined identifier   message
*** Error 48 "Codigomorse.c" Line 46(29,30): Expecting a (
*** Error 43 "Codigomorse.c" Line 46(31,32): Expecting a declaration
*** Error 43 "Codigomorse.c" Line 48(7,10): Expecting a declaration
*** Error 43 "Codigomorse.c" Line 48(10,11): Expecting a declaration
*** Error 48 "Codigomorse.c" Line 48(22,23): Expecting a (
*** Error 43 "Codigomorse.c" Line 48(24,26): Expecting a declaration
*** Error 43 "Codigomorse.c" Line 48(26,27): Expecting a declaration
*** Error 48 "Codigomorse.c" Line 48(28,29): Expecting a (
*** Error 43 "Codigomorse.c" Line 48(31,32): Expecting a declaration
*** Error 43 "Codigomorse.c" Line 48(32,33): Expecting a declaration
*** Error 43 "Codigomorse.c" Line 49(10,12): Expecting a declaration
*** Error 43 "Codigomorse.c" Line 49(12,13): Expecting a declaration
*** Error 48 "Codigomorse.c" Line 49(20,26): Expecting a (
*** Error 48 "Codigomorse.c" Line 49(23,31): Expecting a (
*** Error 48 "Codigomorse.c" Line 49(32,33): Expecting a (
*** Error 43 "Codigomorse.c" Line 49(34,35): Expecting a declaration
*** Error 43 "Codigomorse.c" Line 49(35,36): Expecting a declaration
*** Error 48 "Codigomorse.c" Line 50(22,30): Expecting a (
*** Error 48 "Codigomorse.c" Line 50(24,29): Expecting a (
*** Error 48 "Codigomorse.c" Line 50(30,31): Expecting a (
*** Error 43 "Codigomorse.c" Line 50(32,33): Expecting a declaration
*** Error 43 "Codigomorse.c" Line 51(13,18): Expecting a declaration
*** Error 43 "Codigomorse.c" Line 51(18,19): Expecting a declaration
*** Error 43 "Codigomorse.c" Line 52(10,11): Expecting a declaration
*** Error 43 "Codigomorse.c" Line 53(7,8): Expecting a declaration
*** Error 43 "Codigomorse.c" Line 54(4,5): Expecting a declaration
*** Error 43 "Codigomorse.c" Line 55(1,2): Expecting a declaration
*** Error 32 "Codigomorse.c" Line 56(23,29): Expecting a , or )
*** Error 43 "Codigomorse.c" Line 56(31,32): Expecting a declaration
*** Error 43 "Codigomorse.c" Line 56(32,33): Expecting a declaration
*** Error 43 "Codigomorse.c" Line 57(4,7): Expecting a declaration
*** Error 43 "Codigomorse.c" Line 57(8,9): Expecting a declaration
--- Info 300 "Codigomorse.c" Line 45(14,15): More info:   First Declaration of i
*** Error 31 "Codigomorse.c" Line 57(15,16): Identifier is already used in this scope
*** Error 43 "Codigomorse.c" Line 57(17,18): Expecting a declaration
*** Error 43 "Codigomorse.c" Line 57(18,19): Expecting a declaration
*** Error 48 "Codigomorse.c" Line 57(20,21): Expecting a (
*** Error 48 "Codigomorse.c" Line 57(41,42): Expecting a (
*** Error 43 "Codigomorse.c" Line 57(44,45): Expecting a declaration
*** Error 43 "Codigomorse.c" Line 57(45,46): Expecting a declaration
*** Error 43 "Codigomorse.c" Line 58(7,10): Expecting a declaration
*** Error 43 "Codigomorse.c" Line 58(10,11): Expecting a declaration
--- Info 300 "Codigomorse.c" Line 48(17,18): More info:   First Declaration of j
*** Error 31 "Codigomorse.c" Line 58(17,18): Identifier is already used in this scope
*** Error 43 "Codigomorse.c" Line 58(19,20): Expecting a declaration
*** Error 43 "Codigomorse.c" Line 58(20,21): Expecting a declaration
*** Error 48 "Codigomorse.c" Line 58(22,23): Expecting a (
*** Error 29 "Codigomorse.c" Line 58(41,42): Function definition different from previous definition  strlen Param#2
*** Error 43 "Codigomorse.c" Line 58(43,44): Expecting a declaration
*** Error 43 "Codigomorse.c" Line 58(44,45): Expecting a declaration
*** Error 48 "Codigomorse.c" Line 58(45,46): Expecting a (
*** Error 43 "Codigomorse.c" Line 58(48,49): Expecting a declaration
*** Error 43 "Codigomorse.c" Line 58(49,50): Expecting a declaration
*** Error 43 "Codigomorse.c" Line 59(10,12): Expecting a declaration
*** Error 43 "Codigomorse.c" Line 59(12,13): Expecting a declaration
*** Error 48 "Codigomorse.c" Line 59(13,21): Expecting a (
*** Error 48 "Codigomorse.c" Line 59(22,23): Expecting a (
*** Error 43 "Codigomorse.c" Line 59(24,25): Expecting a declaration
*** Error 48 "Codigomorse.c" Line 59(25,26): Expecting a (
*** Error 43 "Codigomorse.c" Line 59(27,29): Expecting a declaration
*** Error 43 "Codigomorse.c" Line 59(32,33): Expecting a declaration
*** Error 43 "Codigomorse.c" Line 59(32,33): Expecting a declaration
*** Error 43 "Codigomorse.c" Line 59(33,34): Expecting a declaration
*** Error 43 "Codigomorse.c" Line 61(10,11): Expecting a declaration
*** Error 43 "Codigomorse.c" Line 62(10,12): Expecting a declaration
*** Error 43 "Codigomorse.c" Line 62(12,13): Expecting a declaration
*** Error 48 "Codigomorse.c" Line 62(13,21): Expecting a (
*** Error 48 "Codigomorse.c" Line 62(22,23): Expecting a (
*** Error 43 "Codigomorse.c" Line 62(24,25): Expecting a declaration
*** Error 48 "Codigomorse.c" Line 62(25,26): Expecting a (
*** Error 43 "Codigomorse.c" Line 62(27,29): Expecting a declaration
*** Error 43 "Codigomorse.c" Line 62(32,33): Expecting a declaration
*** Error 43 "Codigomorse.c" Line 62(32,33): Expecting a declaration
*** Error 43 "Codigomorse.c" Line 62(33,34): Expecting a declaration
*** Error 43 "Codigomorse.c" Line 64(10,11): Expecting a declaration
*** Error 43 "Codigomorse.c" Line 65(7,8): Expecting a declaration
*** Error 43 "Codigomorse.c" Line 67(4,5): Expecting a declaration
*** Error 43 "Codigomorse.c" Line 68(1,2): Expecting a declaration
      93 Errors,  37 Warnings.
