
ROM used: 670 (8%)
          670 (8%) including unused fragments

          1 Average locations per line
          7 Average locations per statement

RAM used: 7 (2%) at main() level
          20 (5%) worst case

Stack used: 4 worst case (out of 8 total available)

Lines Stmts  %   Files
----- ----- ---  -----
   54    21  23  serial_int_stram_LCD.c
  326     0   0  ..\..\PICC\Devices\16F877A.h
  165    72  77  ..\..\PICC\Drivers\mod_lcd.c
----- -----
  545    93 Total

Page ROM  %  RAM   Vol Diff  Functions:
---- --- --- ---   --- ----  ----------
0     20   3   1             @delay_ms1
0      8   1   0   614  3.3  @const68
0     39   6   1   260  1.9  lcd_envia_nibble
0     33   5   3   176  2.7  lcd_envia_byte
0     61   9   2   433  4.3  lcd_ini
 Inline        4   186  5.5  lcd_pos_xy
0     56   8   1   290  4.1  lcd_escreve
0    150  22   1   614  3.3  MAIN
0      7   1   0             @const93
0     72  11   3             @PSTRINGC7_83
0      6   1   0             @const95
0     80  12   4             @PSTRINGCN7_83
0     21   3   3             @DIV88
0     55   8   2             @PRINTF_U_83
0     58   9   2             @PRINTF_U_9600_62_63

Program metrics:
    Functions               7
    Statements              93
    Comments                124
    Volume (V)              3867
    Difficilty (D)          24.1
    Effort to implement (E) 93190
    Time to implement (T)   1 hours, 26 minutes
    Est Delivered Bugs (B)  1
    Cyclomatic Complexity   8
    Maintainability (MI)    108

 Segment     Used  Free
-----------  ----  ----
00000-00003     4  0  
00004-007FF   666  1378  
00800-00FFF     0  2048  
01000-017FF     0  2048  
01800-01FFF     0  2048  



