
ROM used: 529 (6%)
          529 (6%) including unused fragments

          1 Average locations per line
          16 Average locations per statement

RAM used: 26 (7%) at main() level
          46 (12%) worst case

Stack used: 3 worst case (out of 8 total available)

Lines Stmts  %   Files
----- ----- ---  -----
   65    33 100  PWM_AD_eTimer.c
  326     0   0  ..\..\PICC\Devices\16F877A.h
----- -----
  391    33 Total

Page ROM  %  RAM   Vol Diff  Functions:
---- --- --- ---   --- ----  ----------
0     22   4   1             @delay_ms1
0     87  16   4   228  4.1  TIMER1_isr
0     21   4   5  3587  6.5  @MUL1616
0    167  32   6   726  5.2  MAIN
0     31   6   2    84  2.4  @ITOF
0    119  22  13   200  4.5  @MULFF
0     33   6   4   336  5.2  @SFTOI

Program metrics:
    Functions               6
    Statements              33
    Comments                81
    Volume (V)              6527
    Difficilty (D)          28.5
    Effort to implement (E) 185822
    Time to implement (T)   2 hours, 52 minutes
    Est Delivered Bugs (B)  1
    Cyclomatic Complexity   20
    Maintainability (MI)    78

 Segment     Used  Free
-----------  ----  ----
00000-00003     4  0  
00004-00030    45  0  
00031-007FF   480  1519  
00800-00FFF     0  2048  
01000-017FF     0  2048  
01800-01FFF     0  2048  



