
ROM used: 135 (2%)
          135 (2%) including unused fragments

          0 Average locations per line
          8 Average locations per statement

RAM used: 8 (2%) at main() level
          8 (2%) worst case

Stack used: 0 worst case (out of 8 total available)

Lines Stmts  %   Files
----- ----- ---  -----
   41    16 100  pwm_e_ad.c
  326     0   0  ..\..\PICC\Devices\16F877A.h
----- -----
  367    16 Total

Page ROM  %  RAM   Vol Diff  Functions:
---- --- --- ---   --- ----  ----------
0    131  97   2   412  3.3  main

Program metrics:
    Functions               1
    Statements              16
    Comments                76
    Volume (V)              412
    Difficilty (D)          3.3
    Effort to implement (E) 1366
    Time to implement (T)   1 minutes
    Est Delivered Bugs (B)  0
    Cyclomatic Complexity   1
    Maintainability (MI)    135

 Segment     Used  Free
-----------  ----  ----
00000-00003     4  0  
00004-007FF   131  1913  
00800-00FFF     0  2048  
01000-017FF     0  2048  
01800-01FFF     0  2048  



