
ROM used: 103 (5%)
          103 (5%) including unused fragments

          0 Average locations per line
          3 Average locations per statement

RAM used: 5 (2%) at main() level
          6 (3%) worst case

Stack used: 1 worst case (out of 8 total available)

Lines Stmts  %   Files
----- ----- ---  -----
   67    31 100  main.c
  222     0   0  ..\..\PICC\Devices\16F628A.h
----- -----
  289    31 Total

Page ROM  %  RAM   Vol Diff  Functions:
---- --- --- ---   --- ----  ----------
0     21  20   1             @delay_ms1
0     15  15   1    69  1.9  n4
0     15  15   1    69  1.9  n5
0     48  47   0   236  2.8  MAIN

Program metrics:
    Functions               3
    Statements              31
    Comments                70
    Volume (V)              494
    Difficilty (D)          6.7
    Effort to implement (E) 3310
    Time to implement (T)   3 minutes
    Est Delivered Bugs (B)  0
    Cyclomatic Complexity   2
    Maintainability (MI)    153

 Segment     Used  Free
-----------  ----  ----
00000-00003     4  0  
00004-007FF    99  1945  



