
ROM used: 261 (3%)
          261 (3%) including unused fragments

          1 Average locations per line
          5 Average locations per statement

RAM used: 7 (2%) at main() level
          9 (2%) worst case

Stack used: 1 worst case (out of 8 total available)

Lines Stmts  %   Files
----- ----- ---  -----
   84    48 100  main.c
  326     0   0  ..\..\PICC\Devices\16F877A.h
----- -----
  410    48 Total

Page ROM  %  RAM   Vol Diff  Functions:
---- --- --- ---   --- ----  ----------
0     20   8   1             @delay_ms1
0    237  91   1  1354  5.4  main

Program metrics:
    Functions               1
    Statements              48
    Comments                86
    Volume (V)              1356
    Difficilty (D)          5.3
    Effort to implement (E) 7233
    Time to implement (T)   7 minutes
    Est Delivered Bugs (B)  0
    Cyclomatic Complexity   2
    Maintainability (MI)    119

 Segment     Used  Free
-----------  ----  ----
00000-00003     4  0  
00004-007FF   257  1787  
00800-00FFF     0  2048  
01000-017FF     0  2048  
01800-01FFF     0  2048  



