
ROM used: 215 (3%)
          215 (3%) including unused fragments

          1 Average locations per line
          11 Average locations per statement

RAM used: 10 (3%) at main() level
          18 (5%) worst case

Stack used: 1 worst case (out of 8 total available)

Lines Stmts  %   Files
----- ----- ---  -----
   34    19 100  pwm_dealy.c
  326     0   0  ..\..\PICC\Devices\16F877A.h
----- -----
  360    19 Total

Page ROM  %  RAM   Vol Diff  Functions:
---- --- --- ---   --- ----  ----------
0     15   7   1             @delay_us1
0    159  74   1   546  5.9  main
0     37  17   5             @DIV1616

Program metrics:
    Functions               1
    Statements              19
    Comments                78
    Volume (V)              551
    Difficilty (D)          5.6
    Effort to implement (E) 3088
    Time to implement (T)   3 minutes
    Est Delivered Bugs (B)  0
    Cyclomatic Complexity   2
    Maintainability (MI)    135

 Segment     Used  Free
-----------  ----  ----
00000-00003     4  0  
00004-007FF   211  1833  
00800-00FFF     0  2048  
01000-017FF     0  2048  
01800-01FFF     0  2048  



