
ROM used: 508 (6%)
          508 (6%) including unused fragments

          1 Average locations per line
          7 Average locations per statement

RAM used: 6 (2%) at main() level
          26 (7%) worst case

Stack used: 3 worst case (out of 8 total available)

Lines Stmts  %   Files
----- ----- ---  -----
  141    74 100  main.c
  326     0   0  ..\..\PICC\Devices\16F877A.h
----- -----
  467    74 Total

Page ROM  %  RAM   Vol Diff  Functions:
---- --- --- ---   --- ----  ----------
0     22   4   1             @delay_ms1
0     15   3   1             @delay_us1
0     15   3   0             @const66
0     21   4   3             @DIV88
0    107  21   3   598  3.4  time
 Inline       14   610  9.3  timer
 Inline        5    35  1.4  @MUL1616
 Inline        5   814  2.9  @DIV1616
0    160  31   1    35  1.4  timer
0    164  32   0   814  2.9  MAIN

Program metrics:
    Functions               6
    Statements              74
    Comments                94
    Volume (V)              3997
    Difficilty (D)          21.7
    Effort to implement (E) 86691
    Time to implement (T)   1 hours, 20 minutes
    Est Delivered Bugs (B)  1
    Cyclomatic Complexity   6
    Maintainability (MI)    89

 Segment     Used  Free
-----------  ----  ----
00000-00003     4  0  
00004-007FF   504  1540  
00800-00FFF     0  2048  
01000-017FF     0  2048  
01800-01FFF     0  2048  



