
ROM used: 1058 (13%)
          1058 (13%) including unused fragments

          2 Average locations per line
          12 Average locations per statement

RAM used: 10 (3%) at main() level
          28 (8%) worst case

Stack used: 4 worst case (out of 8 total available)

Lines Stmts  %   Files
----- ----- ---  -----
   50    16  18  main.c
  326     0   0  ..\..\PICC\Devices\16F877A.h
  165    72  82  ..\..\PICC\Drivers\mod_lcd.c
----- -----
  541    88 Total

Page ROM  %  RAM   Vol Diff  Functions:
---- --- --- ---   --- ----  ----------
0     20   2   1             @delay_ms1
0      8   1   0             @const68
0     39   4   1   260  1.9  lcd_envia_nibble
0     33   3   3   176  2.7  lcd_envia_byte
0     61   6   2   433  4.3  lcd_ini
 Inline        4   186  5.5  lcd_pos_xy
0     56   5   1   290  4.1  lcd_escreve
0    169  16   4   467  4.6  MAIN
0     31   3   2   814  2.9  @ITOF
0    119  11  13             @MULFF
0    323  31  16             @ADDFF
0     33   3   4             @SFTOI
0      6   1   0             @const104
0     80   8   4             @PSTRINGCN7_83
0     21   2   3             @DIV88
0     55   5   2             @PRINTF_U_83

Program metrics:
    Functions               7
    Statements              88
    Comments                122
    Volume (V)              3927
    Difficilty (D)          25.0
    Effort to implement (E) 98346
    Time to implement (T)   1 hours, 31 minutes
    Est Delivered Bugs (B)  1
    Cyclomatic Complexity   8
    Maintainability (MI)    106

 Segment     Used  Free
-----------  ----  ----
00000-00003     4  0  
00004-007FF  1054  990  
00800-00FFF     0  2048  
01000-017FF     0  2048  
01800-01FFF     0  2048  



