
ROM used: 248 (3%)
          248 (3%) including unused fragments

          1 Average locations per line
          6 Average locations per statement

RAM used: 7 (2%) at main() level
          8 (2%) worst case

Stack used: 1 worst case (out of 8 total available)

Lines Stmts  %   Files
----- ----- ---  -----
   74    43 100  main.c
  326     0   0  ..\..\PICC\devices\16F877A.h
----- -----
  400    43 Total

Page ROM  %  RAM   Vol Diff  Functions:
---- --- --- ---   --- ----  ----------
0     20   8   1             @delay_ms1
0    224  90   1  1154  2.9  main

Program metrics:
    Functions               1
    Statements              43
    Comments                84
    Volume (V)              1156
    Difficilty (D)          2.9
    Effort to implement (E) 3352
    Time to implement (T)   3 minutes
    Est Delivered Bugs (B)  0
    Cyclomatic Complexity   1
    Maintainability (MI)    123

 Segment     Used  Free
-----------  ----  ----
00000-00003     4  0  
00004-007FF   244  1800  
00800-00FFF     0  2048  
01000-017FF     0  2048  
01800-01FFF     0  2048  



