
ROM used: 862 (11%)
          862 (11%) including unused fragments

          2 Average locations per line
          14 Average locations per statement

RAM used: 10 (3%) at main() level
          30 (8%) worst case

Stack used: 2 worst case (out of 8 total available)

Lines Stmts  %   Files
----- ----- ---  -----
  124    63 100  main.c
  326     0   0  ..\..\PICC\Devices\16F877A.h
----- -----
  450    63 Total

Page ROM  %  RAM   Vol Diff  Functions:
---- --- --- ---   --- ----  ----------
0     20   2   1             @delay_ms1
0    166  19   2  1182  4.9  setPosi
0    166  19   4   688  6.3  MAIN
0     31   4   2             @ITOF
0    119  14  13             @MULFF
0    323  37  16             @ADDFF
0     33   4   4             @SFTOI

Program metrics:
    Functions               2
    Statements              63
    Comments                94
    Volume (V)              2170
    Difficilty (D)          10.8
    Effort to implement (E) 23508
    Time to implement (T)   22 minutes
    Est Delivered Bugs (B)  0
    Cyclomatic Complexity   10
    Maintainability (MI)    31

 Segment     Used  Free
-----------  ----  ----
00000-00003     4  0  
00004-007FF   858  1186  
00800-00FFF     0  2048  
01000-017FF     0  2048  
01800-01FFF     0  2048  



