
ROM used: 178 (2%)
          178 (2%) including unused fragments

          0 Average locations per line
          7 Average locations per statement

RAM used: 15 (4%) at main() level
          15 (4%) worst case

Stack used: 1 worst case (out of 8 total available)

Lines Stmts  %   Files
----- ----- ---  -----
   53    24 100  main.c
  326     0   0  ..\..\PICC\Devices\16F877A.h
----- -----
  379    24 Total

Page ROM  %  RAM   Vol Diff  Functions:
---- --- --- ---   --- ----  ----------
0     17  10   0    92  2.9  RTCC_isr
0     17  10   0    92  2.9  TIMER1_isr
0     88  49   0   323  2.8  MAIN

Program metrics:
    Functions               3
    Statements              24
    Comments                75
    Volume (V)              656
    Difficilty (D)          8.9
    Effort to implement (E) 5818
    Time to implement (T)   5 minutes
    Est Delivered Bugs (B)  0
    Cyclomatic Complexity   2
    Maintainability (MI)    159

 Segment     Used  Free
-----------  ----  ----
00000-00003     4  0  
00004-00037    52  0  
00038-007FF   122  1870  
00800-00FFF     0  2048  
01000-017FF     0  2048  
01800-01FFF     0  2048  



